<?xml version="1.0" encoding="UTF-8"?>
<coverage generated="1777585968034" clover="3.2.0">
  <project timestamp="1777585968034" name="All files">
    <metrics statements="30" coveredstatements="30" conditionals="14" coveredconditionals="14" methods="5" coveredmethods="5" elements="49" coveredelements="49" complexity="0" loc="30" ncloc="30" packages="1" files="1" classes="1"/>
    <file name="logic.js" path="/Users/benjaminheath/School-Work/WDV3322-O_ProgrammingforWebApplications/CodeTesting/src/logic.js">
      <metrics statements="30" coveredstatements="30" conditionals="14" coveredconditionals="14" methods="5" coveredmethods="5"/>
      <line num="3" count="1" type="stmt"/>
      <line num="4" count="5" type="cond" truecount="2" falsecount="0"/>
      <line num="6" count="3" type="stmt"/>
      <line num="8" count="3" type="stmt"/>
      <line num="9" count="8" type="stmt"/>
      <line num="11" count="8" type="cond" truecount="4" falsecount="0"/>
      <line num="12" count="7" type="stmt"/>
      <line num="15" count="3" type="stmt"/>
      <line num="20" count="1" type="stmt"/>
      <line num="21" count="3" type="cond" truecount="2" falsecount="0"/>
      <line num="22" count="1" type="stmt"/>
      <line num="24" count="1" type="stmt"/>
      <line num="27" count="2" type="stmt"/>
      <line num="29" count="2" type="stmt"/>
      <line num="34" count="1" type="stmt"/>
      <line num="35" count="6" type="cond" truecount="2" falsecount="0"/>
      <line num="36" count="1" type="stmt"/>
      <line num="38" count="1" type="stmt"/>
      <line num="46" count="5" type="stmt"/>
      <line num="48" count="5" type="stmt"/>
      <line num="49" count="33" type="cond" truecount="2" falsecount="0"/>
      <line num="50" count="14" type="stmt"/>
      <line num="53" count="19" type="stmt"/>
      <line num="56" count="5" type="stmt"/>
      <line num="61" count="1" type="stmt"/>
      <line num="62" count="5" type="cond" truecount="2" falsecount="0"/>
      <line num="63" count="1" type="stmt"/>
      <line num="66" count="4" type="stmt"/>
      <line num="68" count="4" type="stmt"/>
      <line num="73" count="1" type="stmt"/>
    </file>
  </project>
</coverage>
