TN:
SF:src/logic.js
FN:3,(anonymous_0)
FN:20,(anonymous_1)
FN:34,(anonymous_2)
FN:48,(anonymous_3)
FN:61,(anonymous_4)
FNF:5
FNH:5
FNDA:5,(anonymous_0)
FNDA:3,(anonymous_1)
FNDA:6,(anonymous_2)
FNDA:33,(anonymous_3)
FNDA:5,(anonymous_4)
DA:3,1
DA:4,5
DA:6,3
DA:8,3
DA:9,8
DA:11,8
DA:12,7
DA:15,3
DA:20,1
DA:21,3
DA:22,1
DA:24,1
DA:27,2
DA:29,2
DA:34,1
DA:35,6
DA:36,1
DA:38,1
DA:46,5
DA:48,5
DA:49,33
DA:50,14
DA:53,19
DA:56,5
DA:61,1
DA:62,5
DA:63,1
DA:66,4
DA:68,4
DA:73,1
LF:30
LH:30
BRDA:4,0,0,2
BRDA:4,0,1,3
BRDA:11,1,0,7
BRDA:11,1,1,1
BRDA:11,2,0,8
BRDA:11,2,1,7
BRDA:21,3,0,1
BRDA:21,3,1,2
BRDA:35,4,0,1
BRDA:35,4,1,5
BRDA:49,5,0,14
BRDA:49,5,1,19
BRDA:62,6,0,1
BRDA:62,6,1,4
BRF:14
BRH:14
end_of_record
